info it worked if it ends with ok
verbose cli [ 'node',
verbose cli   '/Users/andrewgertig/local/bin/npm',
verbose cli   '--force',
verbose cli   'publish' ]
info using npm@1.0.24
info using node@v0.4.8
verbose config file /Users/andrewgertig/.npmrc
verbose config file /Users/andrewgertig/local/etc/npmrc
verbose publish [ '.' ]
verbose cache add [ '.', undefined ]
verbose parsed url { pathname: '.', href: '.' }
ERR! Could not install: .
ERR! Failed to parse json
ERR! Unexpected token ILLEGAL
ERR! File: package.json
ERR! JSON.parse Failed to parse package.json data.
ERR! JSON.parse package.json must be actual JSON, not just JavaScript.
ERR! JSON.parse This is not a bug in npm.
ERR! JSON.parse Tell the package author to fix their package.json file.
ERR! 
ERR! System Darwin 10.8.0
ERR! command "node" "/Users/andrewgertig/local/bin/npm" "--force" "publish"
ERR! cwd /Users/andrewgertig/Documents/Node/bootstrap
ERR! node -v v0.4.8
ERR! npm -v 1.0.24
verbose exit [ 1, true ]
